<html>
<head>
<title>TestNG:  DruCare Appication Test</title>
<link href="../testng.css" rel="stylesheet" type="text/css" />
<link href="../my-testng.css" rel="stylesheet" type="text/css" />

<style type="text/css">
.log { display: none;} 
.stack-trace { display: none;} 
</style>
<script type="text/javascript">
<!--
function flip(e) {
  current = e.style.display;
  if (current == 'block') {
    e.style.display = 'none';
    return 0;
  }
  else {
    e.style.display = 'block';
    return 1;
  }
}

function toggleBox(szDivId, elem, msg1, msg2)
{
  var res = -1;  if (document.getElementById) {
    res = flip(document.getElementById(szDivId));
  }
  else if (document.all) {
    // this is the way old msie versions work
    res = flip(document.all[szDivId]);
  }
  if(elem) {
    if(res == 0) elem.innerHTML = msg1; else elem.innerHTML = msg2;
  }

}

function toggleAllBoxes() {
  if (document.getElementsByTagName) {
    d = document.getElementsByTagName('div');
    for (i = 0; i < d.length; i++) {
      if (d[i].className == 'log') {
        flip(d[i]);
      }
    }
  }
}

// -->
</script>

</head>
<body>
<h2 align='center'>DruCare Appication Test</h2><table border='1' align="center">
<tr>
<td>Tests passed/Failed/Skipped:</td><td>15/1/4</td>
</tr><tr>
<td>Started on:</td><td>Sun Oct 03 17:20:50 IST 2021</td>
</tr>
<tr><td>Total time:</td><td>1601 seconds (1601268 ms)</td>
</tr><tr>
<td>Included groups:</td><td>sanity </td>
</tr><tr>
<td>Excluded groups:</td><td></td>
</tr>
</table><p/>
<small><i>(Hover the method name to see the test class name)</i></small><p/>
<table width='100%' border='1' class='invocation-failed'>
<tr><td colspan='4' align='center'><b>FAILED TESTS</b></td></tr>
<tr><td><b>Test method</b></td>
<td width="30%"><b>Exception</b></td>
<td width="10%"><b>Time (seconds)</b></td>
<td><b>Instance</b></td>
</tr>
<tr>
<td title='com.drucare.qa.testcases.StatutoryCalendarAgreementsTest.createNewAgreementTest()'><b>createNewAgreementTest</b><br>Test class: com.drucare.qa.testcases.StatutoryCalendarAgreementsTest<br>Test method: Creating New Agreement<br>Parameters: Agency Seven, DN9737, JUN, DEC, 20, Automatic Agreement, /home/asif-01144/NewWorkSpace/AdminModule/FileUploads/Agreement1, Asif, asif@yahoo.in, 9642902996, https://mail.dru.care, 4th Cross, 26th Lane, Banglore, Bangaluru, Karnataka, 522016, India</td>
<td><div><pre>org.openqa.selenium.ElementClickInterceptedException: element click intercepted: Element &lt;div class=&quot;mat-tab-label-content&quot;&gt;...&lt;/div&gt; is not clickable at point (224, 148). Other element would receive the click: &lt;p _ngcontent-emd-c14=&quot;&quot; class=&quot;m-t-8&quot;&gt;...&lt;/p&gt;
  (Session info: chrome=91.0.4472.77)
Build info: version: &apos;3.141.59&apos;, revision: &apos;e82be7d358&apos;, time: &apos;2018-11-14T08:17:03&apos;
System info: host: &apos;DRUCARE-LAP-32&apos;, ip: &apos;127.0.1.1&apos;, os.name: &apos;Linux&apos;, os.arch: &apos;amd64&apos;, os.version: &apos;5.4.0-72-generic&apos;, java.version: &apos;1.8.0_292&apos;
Driver info: org.openqa.selenium.chrome.ChromeDriver
Capabilities {acceptInsecureCerts: false, browserName: chrome, browserVersion: 91.0.4472.77, chrome: {chromedriverVersion: 91.0.4472.101 (af52a90bf870..., userDataDir: /tmp/.com.google.Chrome.CzrWL4}, goog:chromeOptions: {debuggerAddress: localhost:44789}, javascriptEnabled: true, networkConnectionEnabled: false, pageLoadStrategy: normal, platform: LINUX, platformName: LINUX, proxy: Proxy(), setWindowRect: true, strictFileInteractability: false, timeouts: {implicit: 0, pageLoad: 300000, script: 30000}, unhandledPromptBehavior: dismiss and notify, webauthn:extension:largeBlob: true, webauthn:virtualAuthenticators: true}
Session ID: adc174ac5574c82d2842b9cffc36c37e
	at org.openqa.selenium.remote.http.W3CHttpResponseCodec.createException(W3CHttpResponseCodec.java:187)
	at org.openqa.selenium.remote.http.W3CHttpResponseCodec.decode(W3CHttpResponseCodec.java:122)
	at org.openqa.selenium.remote.http.W3CHttpResponseCodec.decode(W3CHttpResponseCodec.java:49)
	at org.openqa.selenium.remote.HttpCommandExecutor.execute(HttpCommandExecutor.java:158)
	at org.openqa.selenium.remote.service.DriverCommandExecutor.execute(DriverCommandExecutor.java:83)
	at org.openqa.selenium.remote.RemoteWebDriver.execute(RemoteWebDriver.java:552)
	at org.openqa.selenium.remote.RemoteWebElement.execute(RemoteWebElement.java:285)
	at org.openqa.selenium.remote.RemoteWebElement.click(RemoteWebElement.java:84)
	at org.openqa.selenium.support.events.EventFiringWebDriver$EventFiringWebElement.lambda$new$0(EventFiringWebDriver.java:404)
	at com.sun.proxy.$Proxy19.click(Unknown Source)
	at org.openqa.selenium.support.events.EventFiringWebDriver$EventFiringWebElement.click(EventFiringWebDriver.java:417)
	at org.openqa.selenium.support.pagefactory.internal.LocatingElementHandler.invoke(LocatingElementHandler.java:51)
	at com.sun.proxy.$Proxy17.click(Unknown Source)
	at com.drucare.qa.helpers.PageHelpers.ClickWebElement(PageHelpers.java:72)
	at com.drucare.qa.pages.StatutoryCalendarAgreementsPage.clickAddAgreementBtn(StatutoryCalendarAgreementsPage.java:255)
	at com.drucare.qa.testcases.StatutoryCalendarAgreementsTest.createNewAgreementTest(StatutoryCalendarAgreementsTest.java:63)
	at java.util.ArrayList.forEach(ArrayList.java:1259)
... Removed 37 stack frames</pre></div><a href='#' onClick='toggleBox("stack-trace1791278159", this, "Click to show all stack frames", "Click to hide stack frames")'>Click to show all stack frames</a>
<div class='stack-trace' id='stack-trace1791278159'><pre>org.openqa.selenium.ElementClickInterceptedException: element click intercepted: Element &lt;div class=&quot;mat-tab-label-content&quot;&gt;...&lt;/div&gt; is not clickable at point (224, 148). Other element would receive the click: &lt;p _ngcontent-emd-c14=&quot;&quot; class=&quot;m-t-8&quot;&gt;...&lt;/p&gt;
  (Session info: chrome=91.0.4472.77)
Build info: version: &apos;3.141.59&apos;, revision: &apos;e82be7d358&apos;, time: &apos;2018-11-14T08:17:03&apos;
System info: host: &apos;DRUCARE-LAP-32&apos;, ip: &apos;127.0.1.1&apos;, os.name: &apos;Linux&apos;, os.arch: &apos;amd64&apos;, os.version: &apos;5.4.0-72-generic&apos;, java.version: &apos;1.8.0_292&apos;
Driver info: org.openqa.selenium.chrome.ChromeDriver
Capabilities {acceptInsecureCerts: false, browserName: chrome, browserVersion: 91.0.4472.77, chrome: {chromedriverVersion: 91.0.4472.101 (af52a90bf870..., userDataDir: /tmp/.com.google.Chrome.CzrWL4}, goog:chromeOptions: {debuggerAddress: localhost:44789}, javascriptEnabled: true, networkConnectionEnabled: false, pageLoadStrategy: normal, platform: LINUX, platformName: LINUX, proxy: Proxy(), setWindowRect: true, strictFileInteractability: false, timeouts: {implicit: 0, pageLoad: 300000, script: 30000}, unhandledPromptBehavior: dismiss and notify, webauthn:extension:largeBlob: true, webauthn:virtualAuthenticators: true}
Session ID: adc174ac5574c82d2842b9cffc36c37e
	at sun.reflect.NativeConstructorAccessorImpl.newInstance0(Native Method)
	at sun.reflect.NativeConstructorAccessorImpl.newInstance(NativeConstructorAccessorImpl.java:62)
	at sun.reflect.DelegatingConstructorAccessorImpl.newInstance(DelegatingConstructorAccessorImpl.java:45)
	at java.lang.reflect.Constructor.newInstance(Constructor.java:423)
	at org.openqa.selenium.remote.http.W3CHttpResponseCodec.createException(W3CHttpResponseCodec.java:187)
	at org.openqa.selenium.remote.http.W3CHttpResponseCodec.decode(W3CHttpResponseCodec.java:122)
	at org.openqa.selenium.remote.http.W3CHttpResponseCodec.decode(W3CHttpResponseCodec.java:49)
	at org.openqa.selenium.remote.HttpCommandExecutor.execute(HttpCommandExecutor.java:158)
	at org.openqa.selenium.remote.service.DriverCommandExecutor.execute(DriverCommandExecutor.java:83)
	at org.openqa.selenium.remote.RemoteWebDriver.execute(RemoteWebDriver.java:552)
	at org.openqa.selenium.remote.RemoteWebElement.execute(RemoteWebElement.java:285)
	at org.openqa.selenium.remote.RemoteWebElement.click(RemoteWebElement.java:84)
	at sun.reflect.GeneratedMethodAccessor7.invoke(Unknown Source)
	at sun.reflect.DelegatingMethodAccessorImpl.invoke(DelegatingMethodAccessorImpl.java:43)
	at java.lang.reflect.Method.invoke(Method.java:498)
	at org.openqa.selenium.support.events.EventFiringWebDriver$EventFiringWebElement.lambda$new$0(EventFiringWebDriver.java:404)
	at com.sun.proxy.$Proxy19.click(Unknown Source)
	at org.openqa.selenium.support.events.EventFiringWebDriver$EventFiringWebElement.click(EventFiringWebDriver.java:417)
	at sun.reflect.GeneratedMethodAccessor7.invoke(Unknown Source)
	at sun.reflect.DelegatingMethodAccessorImpl.invoke(DelegatingMethodAccessorImpl.java:43)
	at java.lang.reflect.Method.invoke(Method.java:498)
	at org.openqa.selenium.support.pagefactory.internal.LocatingElementHandler.invoke(LocatingElementHandler.java:51)
	at com.sun.proxy.$Proxy17.click(Unknown Source)
	at com.drucare.qa.helpers.PageHelpers.ClickWebElement(PageHelpers.java:72)
	at com.drucare.qa.pages.StatutoryCalendarAgreementsPage.clickAddAgreementBtn(StatutoryCalendarAgreementsPage.java:255)
	at com.drucare.qa.testcases.StatutoryCalendarAgreementsTest.createNewAgreementTest(StatutoryCalendarAgreementsTest.java:63)
	at sun.reflect.NativeMethodAccessorImpl.invoke0(Native Method)
	at sun.reflect.NativeMethodAccessorImpl.invoke(NativeMethodAccessorImpl.java:62)
	at sun.reflect.DelegatingMethodAccessorImpl.invoke(DelegatingMethodAccessorImpl.java:43)
	at java.lang.reflect.Method.invoke(Method.java:498)
	at org.testng.internal.MethodInvocationHelper.invokeMethod(MethodInvocationHelper.java:132)
	at org.testng.internal.TestInvoker.invokeMethod(TestInvoker.java:599)
	at org.testng.internal.TestInvoker.retryFailed(TestInvoker.java:214)
	at org.testng.internal.MethodRunner.runInSequence(MethodRunner.java:58)
	at org.testng.internal.TestInvoker$MethodInvocationAgent.invoke(TestInvoker.java:822)
	at org.testng.internal.TestInvoker.invokeTestMethods(TestInvoker.java:147)
	at org.testng.internal.TestMethodWorker.invokeTestMethods(TestMethodWorker.java:146)
	at org.testng.internal.TestMethodWorker.run(TestMethodWorker.java:128)
	at java.util.ArrayList.forEach(ArrayList.java:1259)
	at org.testng.TestRunner.privateRun(TestRunner.java:764)
	at org.testng.TestRunner.run(TestRunner.java:585)
	at org.testng.SuiteRunner.runTest(SuiteRunner.java:384)
	at org.testng.SuiteRunner.runSequentially(SuiteRunner.java:378)
	at org.testng.SuiteRunner.privateRun(SuiteRunner.java:337)
	at org.testng.SuiteRunner.run(SuiteRunner.java:286)
	at org.testng.SuiteRunnerWorker.runSuite(SuiteRunnerWorker.java:53)
	at org.testng.SuiteRunnerWorker.run(SuiteRunnerWorker.java:96)
	at org.testng.TestNG.runSuitesSequentially(TestNG.java:1218)
	at org.testng.TestNG.runSuitesLocally(TestNG.java:1140)
	at org.testng.TestNG.runSuites(TestNG.java:1069)
	at org.testng.TestNG.run(TestNG.java:1037)
	at org.testng.remote.AbstractRemoteTestNG.run(AbstractRemoteTestNG.java:115)
	at org.testng.remote.RemoteTestNG.initAndRun(RemoteTestNG.java:251)
	at org.testng.remote.RemoteTestNG.main(RemoteTestNG.java:77)
</pre></div></td>
<td>80</td>
<td>com.drucare.qa.testcases.StatutoryCalendarAgreementsTest@e720b71</td></tr>
</table><p>
<table width='100%' border='1' class='invocation-passed'>
<tr><td colspan='4' align='center'><b>PASSED TESTS</b></td></tr>
<tr><td><b>Test method</b></td>
<td width="30%"><b>Exception</b></td>
<td width="10%"><b>Time (seconds)</b></td>
<td><b>Instance</b></td>
</tr>
<tr>
<td title='com.drucare.qa.testcases.BranchManagementTest.ActivateBranch()'><b>ActivateBranch</b><br>Test class: com.drucare.qa.testcases.BranchManagementTest<br>Parameters: Test Org_0110</td>
<td></td>
<td>37</td>
<td>com.drucare.qa.testcases.BranchManagementTest@63440df3</td></tr>
<tr>
<td title='com.drucare.qa.testcases.BranchManagementTest.DeactivateBranch()'><b>DeactivateBranch</b><br>Test class: com.drucare.qa.testcases.BranchManagementTest<br>Parameters: Test Org_0110</td>
<td></td>
<td>36</td>
<td>com.drucare.qa.testcases.BranchManagementTest@63440df3</td></tr>
<tr>
<td title='com.drucare.qa.testcases.UserLogsPageTest.UserLogs()'><b>UserLogs</b><br>Test class: com.drucare.qa.testcases.UserLogsPageTest<br>Parameters: asif, JAN</td>
<td></td>
<td>32</td>
<td>com.drucare.qa.testcases.UserLogsPageTest@612679d6</td></tr>
<tr>
<td title='com.drucare.qa.testcases.StatutoryCalendarLicenceTest.createNewLicenceTest()'><b>createNewLicenceTest</b><br>Test class: com.drucare.qa.testcases.StatutoryCalendarLicenceTest<br>Test method: Creating New Licence<br>Parameters: DN9739, JUN, DEC, 12, Automatic Agreement, /home/asif-01144/NewWorkSpace/AdminModule/FileUploads/License1, Asif, asif@yahoo.in, 9642902996, https://mail.dru.care, 4th Cross, 26th Lane, Banglore, Bangaluru, Karnataka, 522016, India</td>
<td></td>
<td>82</td>
<td>com.drucare.qa.testcases.StatutoryCalendarLicenceTest@11758f2a</td></tr>
<tr>
<td title='com.drucare.qa.testcases.UserManagementPageTest.createNewUserTest()'><b>createNewUserTest</b><br>Test class: com.drucare.qa.testcases.UserManagementPageTest<br>Test method: Creating Users<br>Parameters: Mr., Asif, thirtyone, Male, asif@dru.care, 9642902996, Salary-based, MBBS, 5, DRU211044, asif_049, DRU910004, 10, 20</td>
<td></td>
<td>105</td>
<td>com.drucare.qa.testcases.UserManagementPageTest@612fc6eb</td></tr>
<tr>
<td title='com.drucare.qa.testcases.RoleManagementPageTest.createRoleTest()'><b>createRoleTest</b><br>Test class: com.drucare.qa.testcases.RoleManagementPageTest<br>Test method: Creating Roles<br>Parameters: Unniv20, tagFour, Automatically Created Role</td>
<td></td>
<td>77</td>
<td>com.drucare.qa.testcases.RoleManagementPageTest@1060b431</td></tr>
<tr>
<td title='com.drucare.qa.testcases.BranchManagementTest.createZonalOffice()'><b>createZonalOffice</b><br>Test class: com.drucare.qa.testcases.BranchManagementTest<br>Parameters: Test Org_0017, Dru, Hospital, Multi speciality, 1001, Na, Asif, https://www.dru.care/#/home, Plot 3-800, Tree Lane, Guntur, Guntur, Andhra, 522016, India, 9642902996, 7892637238, asif@yahoo.in, asif@yahoo.in, 9642902996, asif_0157, 27AAPFU0939F1ZV, ALWPG5809L, L27100MH1907PLC000260, 7892637238, 123456789</td>
<td></td>
<td>45</td>
<td>com.drucare.qa.testcases.BranchManagementTest@63440df3</td></tr>
<tr>
<td title='com.drucare.qa.testcases.StatutoryCalendarAgreementsTest.editAgreementTest()'><b>editAgreementTest</b><br>Test class: com.drucare.qa.testcases.StatutoryCalendarAgreementsTest<br>Test method: Edit Agreement<br>Parameters: Agency Seven, DN8738, JAN, NOV, 20, Automatic Agreement, /home/asif-01144/NewWorkSpace/AdminModule/FileUploads/Agreement2, AsifShaik, asifshaik@yahoo.in, 9642902996, https://mail.dru.care, 4th Cross, 26th Lane, Banglore, Bangaluru, Karnataka, 522016, India</td>
<td></td>
<td>76</td>
<td>com.drucare.qa.testcases.StatutoryCalendarAgreementsTest@e720b71</td></tr>
<tr>
<td title='com.drucare.qa.testcases.RoleManagementPageTest.editRole()'><b>editRole</b><br>Test class: com.drucare.qa.testcases.RoleManagementPageTest<br>Test method: Updating Role<br>Parameters: Unniv20, Unniv20, tag04, Automatically Created Role</td>
<td></td>
<td>62</td>
<td>com.drucare.qa.testcases.RoleManagementPageTest@1060b431</td></tr>
<tr>
<td title='com.drucare.qa.testcases.StatutoryCalendarLicenceTest.licenceUpdateTest()'><b>licenceUpdateTest</b><br>Test class: com.drucare.qa.testcases.StatutoryCalendarLicenceTest<br>Test method: UpdateLicence<br>Parameters: a, DN9738, JAN, DEC, 12, Automatic Agreement, /home/asif-01144/NewWorkSpace/AdminModule/FileUploads/Agreement2, Asif, asif@yahoo.in, 9642902996, https://mail.dru.care, 4th Cross, 26th Lane, Banglore, Bangaluru, Karnataka, 522016, India</td>
<td></td>
<td>82</td>
<td>com.drucare.qa.testcases.StatutoryCalendarLicenceTest@11758f2a</td></tr>
<tr>
<td title='com.drucare.qa.testcases.BranchManagementTest.updateBranch()'><b>updateBranch</b><br>Test class: com.drucare.qa.testcases.BranchManagementTest<br>Parameters: Test Org_0017, Test Org_0017, Ind, Hospital, Multi speciality, 1200, Na, Asif Shaik, https://www.dru.care/#/home, Plot 3-801, Last Lane, Amaravathi, Guntur, Andhra, 522016, India, 9642902990, 7892637239, asifshaik@yahoo.in, asifshaik@yahoo.in, 9642902909, 28AAPFU0939F1ZV, ALWPG5909L, L27100MH1907PLC000250, 7892637738, 123456789</td>
<td></td>
<td>49</td>
<td>com.drucare.qa.testcases.BranchManagementTest@63440df3</td></tr>
<tr>
<td title='com.drucare.qa.testcases.BranchManagementTest.updateHeadOffice()'><b>updateHeadOffice</b><br>Test class: com.drucare.qa.testcases.BranchManagementTest<br>Parameters: Eagle Hosp, Ind, Hospital, Multi speciality, 1200, Na, Asif Shaik, https://www.dru.care/#/home, Plot 3-801, Last Lane, Amaravathi, Guntur, Andhra, 522016, India, 9642902990, 7892637239, asifshaik@yahoo.in, asifshaik@yahoo.in, 9642902909, 28AAPFU0939F1ZV, ALWPG5909L, L27100MH1907PLC000250, 7892637738, 123456789</td>
<td></td>
<td>35</td>
<td>com.drucare.qa.testcases.BranchManagementTest@63440df3</td></tr>
<tr>
<td title='com.drucare.qa.testcases.UserManagementPageTest.updateUserTest()'><b>updateUserTest</b><br>Test class: com.drucare.qa.testcases.UserManagementPageTest<br>Test method: Updating User<br>Parameters: thirtyone, Mr., thirtyone, Asif, Male, selenium@yahoo.in, 9642902996</td>
<td></td>
<td>55</td>
<td>com.drucare.qa.testcases.UserManagementPageTest@612fc6eb</td></tr>
<tr>
<td title='com.drucare.qa.testcases.UserManagementPageTest.validateAddNewUserDetails()'><b>validateAddNewUserDetails</b><br>Test class: com.drucare.qa.testcases.UserManagementPageTest<br>Parameters: a, a, a, 9, a, a</td>
<td></td>
<td>36</td>
<td>com.drucare.qa.testcases.UserManagementPageTest@612fc6eb</td></tr>
<tr>
<td title='com.drucare.qa.testcases.UserManagementPageTest.validateAddNewUserDetails()'><b>validateAddNewUserDetails</b><br>Test class: com.drucare.qa.testcases.UserManagementPageTest<br>Parameters: The maximum number of characters 30, No limit for maximum number of characters, asif, 9, ##, ##</td>
<td></td>
<td>30</td>
<td>com.drucare.qa.testcases.UserManagementPageTest@612fc6eb</td></tr>
</table><p>
<table width='100%' border='1' class='invocation-skipped'>
<tr><td colspan='4' align='center'><b>SKIPPED TESTS</b></td></tr>
<tr><td><b>Test method</b></td>
<td width="30%"><b>Exception</b></td>
<td width="10%"><b>Time (seconds)</b></td>
<td><b>Instance</b></td>
</tr>
<tr>
<td title='com.drucare.qa.testcases.StatutoryCalendarAgreementsTest.createNewAgreementTest()'><b>createNewAgreementTest</b><br>Test class: com.drucare.qa.testcases.StatutoryCalendarAgreementsTest<br>Test method: Creating New Agreement<br>Parameters: Agency Seven, DN9737, JUN, DEC, 20, Automatic Agreement, /home/asif-01144/NewWorkSpace/AdminModule/FileUploads/Agreement1, Asif, asif@yahoo.in, 9642902996, https://mail.dru.care, 4th Cross, 26th Lane, Banglore, Bangaluru, Karnataka, 522016, India</td>
<td><div><pre>org.openqa.selenium.ElementClickInterceptedException: element click intercepted: Element &lt;div class=&quot;mat-tab-label-content&quot;&gt;...&lt;/div&gt; is not clickable at point (224, 148). Other element would receive the click: &lt;p _ngcontent-efy-c14=&quot;&quot; class=&quot;m-t-8&quot;&gt;...&lt;/p&gt;
  (Session info: chrome=91.0.4472.77)
Build info: version: &apos;3.141.59&apos;, revision: &apos;e82be7d358&apos;, time: &apos;2018-11-14T08:17:03&apos;
System info: host: &apos;DRUCARE-LAP-32&apos;, ip: &apos;127.0.1.1&apos;, os.name: &apos;Linux&apos;, os.arch: &apos;amd64&apos;, os.version: &apos;5.4.0-72-generic&apos;, java.version: &apos;1.8.0_292&apos;
Driver info: org.openqa.selenium.chrome.ChromeDriver
Capabilities {acceptInsecureCerts: false, browserName: chrome, browserVersion: 91.0.4472.77, chrome: {chromedriverVersion: 91.0.4472.101 (af52a90bf870..., userDataDir: /tmp/.com.google.Chrome.vRwnKV}, goog:chromeOptions: {debuggerAddress: localhost:43443}, javascriptEnabled: true, networkConnectionEnabled: false, pageLoadStrategy: normal, platform: LINUX, platformName: LINUX, proxy: Proxy(), setWindowRect: true, strictFileInteractability: false, timeouts: {implicit: 0, pageLoad: 300000, script: 30000}, unhandledPromptBehavior: dismiss and notify, webauthn:extension:largeBlob: true, webauthn:virtualAuthenticators: true}
Session ID: ee054cdc03fc471be7d3b23f3893c8a7
	at org.openqa.selenium.remote.http.W3CHttpResponseCodec.createException(W3CHttpResponseCodec.java:187)
	at org.openqa.selenium.remote.http.W3CHttpResponseCodec.decode(W3CHttpResponseCodec.java:122)
	at org.openqa.selenium.remote.http.W3CHttpResponseCodec.decode(W3CHttpResponseCodec.java:49)
	at org.openqa.selenium.remote.HttpCommandExecutor.execute(HttpCommandExecutor.java:158)
	at org.openqa.selenium.remote.service.DriverCommandExecutor.execute(DriverCommandExecutor.java:83)
	at org.openqa.selenium.remote.RemoteWebDriver.execute(RemoteWebDriver.java:552)
	at org.openqa.selenium.remote.RemoteWebElement.execute(RemoteWebElement.java:285)
	at org.openqa.selenium.remote.RemoteWebElement.click(RemoteWebElement.java:84)
	at org.openqa.selenium.support.events.EventFiringWebDriver$EventFiringWebElement.lambda$new$0(EventFiringWebDriver.java:404)
	at com.sun.proxy.$Proxy19.click(Unknown Source)
	at org.openqa.selenium.support.events.EventFiringWebDriver$EventFiringWebElement.click(EventFiringWebDriver.java:417)
	at org.openqa.selenium.support.pagefactory.internal.LocatingElementHandler.invoke(LocatingElementHandler.java:51)
	at com.sun.proxy.$Proxy17.click(Unknown Source)
	at com.drucare.qa.helpers.PageHelpers.ClickWebElement(PageHelpers.java:72)
	at com.drucare.qa.pages.StatutoryCalendarAgreementsPage.clickAddAgreementBtn(StatutoryCalendarAgreementsPage.java:255)
	at com.drucare.qa.testcases.StatutoryCalendarAgreementsTest.createNewAgreementTest(StatutoryCalendarAgreementsTest.java:63)
	at java.util.ArrayList.forEach(ArrayList.java:1259)
... Removed 37 stack frames</pre></div><a href='#' onClick='toggleBox("stack-trace271176090", this, "Click to show all stack frames", "Click to hide stack frames")'>Click to show all stack frames</a>
<div class='stack-trace' id='stack-trace271176090'><pre>org.openqa.selenium.ElementClickInterceptedException: element click intercepted: Element &lt;div class=&quot;mat-tab-label-content&quot;&gt;...&lt;/div&gt; is not clickable at point (224, 148). Other element would receive the click: &lt;p _ngcontent-efy-c14=&quot;&quot; class=&quot;m-t-8&quot;&gt;...&lt;/p&gt;
  (Session info: chrome=91.0.4472.77)
Build info: version: &apos;3.141.59&apos;, revision: &apos;e82be7d358&apos;, time: &apos;2018-11-14T08:17:03&apos;
System info: host: &apos;DRUCARE-LAP-32&apos;, ip: &apos;127.0.1.1&apos;, os.name: &apos;Linux&apos;, os.arch: &apos;amd64&apos;, os.version: &apos;5.4.0-72-generic&apos;, java.version: &apos;1.8.0_292&apos;
Driver info: org.openqa.selenium.chrome.ChromeDriver
Capabilities {acceptInsecureCerts: false, browserName: chrome, browserVersion: 91.0.4472.77, chrome: {chromedriverVersion: 91.0.4472.101 (af52a90bf870..., userDataDir: /tmp/.com.google.Chrome.vRwnKV}, goog:chromeOptions: {debuggerAddress: localhost:43443}, javascriptEnabled: true, networkConnectionEnabled: false, pageLoadStrategy: normal, platform: LINUX, platformName: LINUX, proxy: Proxy(), setWindowRect: true, strictFileInteractability: false, timeouts: {implicit: 0, pageLoad: 300000, script: 30000}, unhandledPromptBehavior: dismiss and notify, webauthn:extension:largeBlob: true, webauthn:virtualAuthenticators: true}
Session ID: ee054cdc03fc471be7d3b23f3893c8a7
	at sun.reflect.NativeConstructorAccessorImpl.newInstance0(Native Method)
	at sun.reflect.NativeConstructorAccessorImpl.newInstance(NativeConstructorAccessorImpl.java:62)
	at sun.reflect.DelegatingConstructorAccessorImpl.newInstance(DelegatingConstructorAccessorImpl.java:45)
	at java.lang.reflect.Constructor.newInstance(Constructor.java:423)
	at org.openqa.selenium.remote.http.W3CHttpResponseCodec.createException(W3CHttpResponseCodec.java:187)
	at org.openqa.selenium.remote.http.W3CHttpResponseCodec.decode(W3CHttpResponseCodec.java:122)
	at org.openqa.selenium.remote.http.W3CHttpResponseCodec.decode(W3CHttpResponseCodec.java:49)
	at org.openqa.selenium.remote.HttpCommandExecutor.execute(HttpCommandExecutor.java:158)
	at org.openqa.selenium.remote.service.DriverCommandExecutor.execute(DriverCommandExecutor.java:83)
	at org.openqa.selenium.remote.RemoteWebDriver.execute(RemoteWebDriver.java:552)
	at org.openqa.selenium.remote.RemoteWebElement.execute(RemoteWebElement.java:285)
	at org.openqa.selenium.remote.RemoteWebElement.click(RemoteWebElement.java:84)
	at sun.reflect.GeneratedMethodAccessor7.invoke(Unknown Source)
	at sun.reflect.DelegatingMethodAccessorImpl.invoke(DelegatingMethodAccessorImpl.java:43)
	at java.lang.reflect.Method.invoke(Method.java:498)
	at org.openqa.selenium.support.events.EventFiringWebDriver$EventFiringWebElement.lambda$new$0(EventFiringWebDriver.java:404)
	at com.sun.proxy.$Proxy19.click(Unknown Source)
	at org.openqa.selenium.support.events.EventFiringWebDriver$EventFiringWebElement.click(EventFiringWebDriver.java:417)
	at sun.reflect.GeneratedMethodAccessor7.invoke(Unknown Source)
	at sun.reflect.DelegatingMethodAccessorImpl.invoke(DelegatingMethodAccessorImpl.java:43)
	at java.lang.reflect.Method.invoke(Method.java:498)
	at org.openqa.selenium.support.pagefactory.internal.LocatingElementHandler.invoke(LocatingElementHandler.java:51)
	at com.sun.proxy.$Proxy17.click(Unknown Source)
	at com.drucare.qa.helpers.PageHelpers.ClickWebElement(PageHelpers.java:72)
	at com.drucare.qa.pages.StatutoryCalendarAgreementsPage.clickAddAgreementBtn(StatutoryCalendarAgreementsPage.java:255)
	at com.drucare.qa.testcases.StatutoryCalendarAgreementsTest.createNewAgreementTest(StatutoryCalendarAgreementsTest.java:63)
	at sun.reflect.NativeMethodAccessorImpl.invoke0(Native Method)
	at sun.reflect.NativeMethodAccessorImpl.invoke(NativeMethodAccessorImpl.java:62)
	at sun.reflect.DelegatingMethodAccessorImpl.invoke(DelegatingMethodAccessorImpl.java:43)
	at java.lang.reflect.Method.invoke(Method.java:498)
	at org.testng.internal.MethodInvocationHelper.invokeMethod(MethodInvocationHelper.java:132)
	at org.testng.internal.TestInvoker.invokeMethod(TestInvoker.java:599)
	at org.testng.internal.TestInvoker.invokeTestMethod(TestInvoker.java:174)
	at org.testng.internal.MethodRunner.runInSequence(MethodRunner.java:46)
	at org.testng.internal.TestInvoker$MethodInvocationAgent.invoke(TestInvoker.java:822)
	at org.testng.internal.TestInvoker.invokeTestMethods(TestInvoker.java:147)
	at org.testng.internal.TestMethodWorker.invokeTestMethods(TestMethodWorker.java:146)
	at org.testng.internal.TestMethodWorker.run(TestMethodWorker.java:128)
	at java.util.ArrayList.forEach(ArrayList.java:1259)
	at org.testng.TestRunner.privateRun(TestRunner.java:764)
	at org.testng.TestRunner.run(TestRunner.java:585)
	at org.testng.SuiteRunner.runTest(SuiteRunner.java:384)
	at org.testng.SuiteRunner.runSequentially(SuiteRunner.java:378)
	at org.testng.SuiteRunner.privateRun(SuiteRunner.java:337)
	at org.testng.SuiteRunner.run(SuiteRunner.java:286)
	at org.testng.SuiteRunnerWorker.runSuite(SuiteRunnerWorker.java:53)
	at org.testng.SuiteRunnerWorker.run(SuiteRunnerWorker.java:96)
	at org.testng.TestNG.runSuitesSequentially(TestNG.java:1218)
	at org.testng.TestNG.runSuitesLocally(TestNG.java:1140)
	at org.testng.TestNG.runSuites(TestNG.java:1069)
	at org.testng.TestNG.run(TestNG.java:1037)
	at org.testng.remote.AbstractRemoteTestNG.run(AbstractRemoteTestNG.java:115)
	at org.testng.remote.RemoteTestNG.initAndRun(RemoteTestNG.java:251)
	at org.testng.remote.RemoteTestNG.main(RemoteTestNG.java:77)
</pre></div></td>
<td>78</td>
<td>com.drucare.qa.testcases.StatutoryCalendarAgreementsTest@e720b71</td></tr>
<tr>
<td title='com.drucare.qa.testcases.StatutoryCalendarAgreementsTest.createNewAgreementTest()'><b>createNewAgreementTest</b><br>Test class: com.drucare.qa.testcases.StatutoryCalendarAgreementsTest<br>Test method: Creating New Agreement<br>Parameters: Agency Seven, DN9737, JUN, DEC, 20, Automatic Agreement, /home/asif-01144/NewWorkSpace/AdminModule/FileUploads/Agreement1, Asif, asif@yahoo.in, 9642902996, https://mail.dru.care, 4th Cross, 26th Lane, Banglore, Bangaluru, Karnataka, 522016, India</td>
<td><div><pre>org.openqa.selenium.ElementClickInterceptedException: element click intercepted: Element &lt;div class=&quot;mat-tab-label-content&quot;&gt;...&lt;/div&gt; is not clickable at point (224, 148). Other element would receive the click: &lt;p _ngcontent-lmi-c14=&quot;&quot; class=&quot;m-t-8&quot;&gt;...&lt;/p&gt;
  (Session info: chrome=91.0.4472.77)
Build info: version: &apos;3.141.59&apos;, revision: &apos;e82be7d358&apos;, time: &apos;2018-11-14T08:17:03&apos;
System info: host: &apos;DRUCARE-LAP-32&apos;, ip: &apos;127.0.1.1&apos;, os.name: &apos;Linux&apos;, os.arch: &apos;amd64&apos;, os.version: &apos;5.4.0-72-generic&apos;, java.version: &apos;1.8.0_292&apos;
Driver info: org.openqa.selenium.chrome.ChromeDriver
Capabilities {acceptInsecureCerts: false, browserName: chrome, browserVersion: 91.0.4472.77, chrome: {chromedriverVersion: 91.0.4472.101 (af52a90bf870..., userDataDir: /tmp/.com.google.Chrome.OP30UA}, goog:chromeOptions: {debuggerAddress: localhost:39165}, javascriptEnabled: true, networkConnectionEnabled: false, pageLoadStrategy: normal, platform: LINUX, platformName: LINUX, proxy: Proxy(), setWindowRect: true, strictFileInteractability: false, timeouts: {implicit: 0, pageLoad: 300000, script: 30000}, unhandledPromptBehavior: dismiss and notify, webauthn:extension:largeBlob: true, webauthn:virtualAuthenticators: true}
Session ID: b6de49946cd300ba1764928948499c54
	at org.openqa.selenium.remote.http.W3CHttpResponseCodec.createException(W3CHttpResponseCodec.java:187)
	at org.openqa.selenium.remote.http.W3CHttpResponseCodec.decode(W3CHttpResponseCodec.java:122)
	at org.openqa.selenium.remote.http.W3CHttpResponseCodec.decode(W3CHttpResponseCodec.java:49)
	at org.openqa.selenium.remote.HttpCommandExecutor.execute(HttpCommandExecutor.java:158)
	at org.openqa.selenium.remote.service.DriverCommandExecutor.execute(DriverCommandExecutor.java:83)
	at org.openqa.selenium.remote.RemoteWebDriver.execute(RemoteWebDriver.java:552)
	at org.openqa.selenium.remote.RemoteWebElement.execute(RemoteWebElement.java:285)
	at org.openqa.selenium.remote.RemoteWebElement.click(RemoteWebElement.java:84)
	at org.openqa.selenium.support.events.EventFiringWebDriver$EventFiringWebElement.lambda$new$0(EventFiringWebDriver.java:404)
	at com.sun.proxy.$Proxy19.click(Unknown Source)
	at org.openqa.selenium.support.events.EventFiringWebDriver$EventFiringWebElement.click(EventFiringWebDriver.java:417)
	at org.openqa.selenium.support.pagefactory.internal.LocatingElementHandler.invoke(LocatingElementHandler.java:51)
	at com.sun.proxy.$Proxy17.click(Unknown Source)
	at com.drucare.qa.helpers.PageHelpers.ClickWebElement(PageHelpers.java:72)
	at com.drucare.qa.pages.StatutoryCalendarAgreementsPage.clickAddAgreementBtn(StatutoryCalendarAgreementsPage.java:255)
	at com.drucare.qa.testcases.StatutoryCalendarAgreementsTest.createNewAgreementTest(StatutoryCalendarAgreementsTest.java:63)
	at java.util.ArrayList.forEach(ArrayList.java:1259)
... Removed 37 stack frames</pre></div><a href='#' onClick='toggleBox("stack-trace450708442", this, "Click to show all stack frames", "Click to hide stack frames")'>Click to show all stack frames</a>
<div class='stack-trace' id='stack-trace450708442'><pre>org.openqa.selenium.ElementClickInterceptedException: element click intercepted: Element &lt;div class=&quot;mat-tab-label-content&quot;&gt;...&lt;/div&gt; is not clickable at point (224, 148). Other element would receive the click: &lt;p _ngcontent-lmi-c14=&quot;&quot; class=&quot;m-t-8&quot;&gt;...&lt;/p&gt;
  (Session info: chrome=91.0.4472.77)
Build info: version: &apos;3.141.59&apos;, revision: &apos;e82be7d358&apos;, time: &apos;2018-11-14T08:17:03&apos;
System info: host: &apos;DRUCARE-LAP-32&apos;, ip: &apos;127.0.1.1&apos;, os.name: &apos;Linux&apos;, os.arch: &apos;amd64&apos;, os.version: &apos;5.4.0-72-generic&apos;, java.version: &apos;1.8.0_292&apos;
Driver info: org.openqa.selenium.chrome.ChromeDriver
Capabilities {acceptInsecureCerts: false, browserName: chrome, browserVersion: 91.0.4472.77, chrome: {chromedriverVersion: 91.0.4472.101 (af52a90bf870..., userDataDir: /tmp/.com.google.Chrome.OP30UA}, goog:chromeOptions: {debuggerAddress: localhost:39165}, javascriptEnabled: true, networkConnectionEnabled: false, pageLoadStrategy: normal, platform: LINUX, platformName: LINUX, proxy: Proxy(), setWindowRect: true, strictFileInteractability: false, timeouts: {implicit: 0, pageLoad: 300000, script: 30000}, unhandledPromptBehavior: dismiss and notify, webauthn:extension:largeBlob: true, webauthn:virtualAuthenticators: true}
Session ID: b6de49946cd300ba1764928948499c54
	at sun.reflect.NativeConstructorAccessorImpl.newInstance0(Native Method)
	at sun.reflect.NativeConstructorAccessorImpl.newInstance(NativeConstructorAccessorImpl.java:62)
	at sun.reflect.DelegatingConstructorAccessorImpl.newInstance(DelegatingConstructorAccessorImpl.java:45)
	at java.lang.reflect.Constructor.newInstance(Constructor.java:423)
	at org.openqa.selenium.remote.http.W3CHttpResponseCodec.createException(W3CHttpResponseCodec.java:187)
	at org.openqa.selenium.remote.http.W3CHttpResponseCodec.decode(W3CHttpResponseCodec.java:122)
	at org.openqa.selenium.remote.http.W3CHttpResponseCodec.decode(W3CHttpResponseCodec.java:49)
	at org.openqa.selenium.remote.HttpCommandExecutor.execute(HttpCommandExecutor.java:158)
	at org.openqa.selenium.remote.service.DriverCommandExecutor.execute(DriverCommandExecutor.java:83)
	at org.openqa.selenium.remote.RemoteWebDriver.execute(RemoteWebDriver.java:552)
	at org.openqa.selenium.remote.RemoteWebElement.execute(RemoteWebElement.java:285)
	at org.openqa.selenium.remote.RemoteWebElement.click(RemoteWebElement.java:84)
	at sun.reflect.GeneratedMethodAccessor7.invoke(Unknown Source)
	at sun.reflect.DelegatingMethodAccessorImpl.invoke(DelegatingMethodAccessorImpl.java:43)
	at java.lang.reflect.Method.invoke(Method.java:498)
	at org.openqa.selenium.support.events.EventFiringWebDriver$EventFiringWebElement.lambda$new$0(EventFiringWebDriver.java:404)
	at com.sun.proxy.$Proxy19.click(Unknown Source)
	at org.openqa.selenium.support.events.EventFiringWebDriver$EventFiringWebElement.click(EventFiringWebDriver.java:417)
	at sun.reflect.GeneratedMethodAccessor7.invoke(Unknown Source)
	at sun.reflect.DelegatingMethodAccessorImpl.invoke(DelegatingMethodAccessorImpl.java:43)
	at java.lang.reflect.Method.invoke(Method.java:498)
	at org.openqa.selenium.support.pagefactory.internal.LocatingElementHandler.invoke(LocatingElementHandler.java:51)
	at com.sun.proxy.$Proxy17.click(Unknown Source)
	at com.drucare.qa.helpers.PageHelpers.ClickWebElement(PageHelpers.java:72)
	at com.drucare.qa.pages.StatutoryCalendarAgreementsPage.clickAddAgreementBtn(StatutoryCalendarAgreementsPage.java:255)
	at com.drucare.qa.testcases.StatutoryCalendarAgreementsTest.createNewAgreementTest(StatutoryCalendarAgreementsTest.java:63)
	at sun.reflect.NativeMethodAccessorImpl.invoke0(Native Method)
	at sun.reflect.NativeMethodAccessorImpl.invoke(NativeMethodAccessorImpl.java:62)
	at sun.reflect.DelegatingMethodAccessorImpl.invoke(DelegatingMethodAccessorImpl.java:43)
	at java.lang.reflect.Method.invoke(Method.java:498)
	at org.testng.internal.MethodInvocationHelper.invokeMethod(MethodInvocationHelper.java:132)
	at org.testng.internal.TestInvoker.invokeMethod(TestInvoker.java:599)
	at org.testng.internal.TestInvoker.retryFailed(TestInvoker.java:214)
	at org.testng.internal.MethodRunner.runInSequence(MethodRunner.java:58)
	at org.testng.internal.TestInvoker$MethodInvocationAgent.invoke(TestInvoker.java:822)
	at org.testng.internal.TestInvoker.invokeTestMethods(TestInvoker.java:147)
	at org.testng.internal.TestMethodWorker.invokeTestMethods(TestMethodWorker.java:146)
	at org.testng.internal.TestMethodWorker.run(TestMethodWorker.java:128)
	at java.util.ArrayList.forEach(ArrayList.java:1259)
	at org.testng.TestRunner.privateRun(TestRunner.java:764)
	at org.testng.TestRunner.run(TestRunner.java:585)
	at org.testng.SuiteRunner.runTest(SuiteRunner.java:384)
	at org.testng.SuiteRunner.runSequentially(SuiteRunner.java:378)
	at org.testng.SuiteRunner.privateRun(SuiteRunner.java:337)
	at org.testng.SuiteRunner.run(SuiteRunner.java:286)
	at org.testng.SuiteRunnerWorker.runSuite(SuiteRunnerWorker.java:53)
	at org.testng.SuiteRunnerWorker.run(SuiteRunnerWorker.java:96)
	at org.testng.TestNG.runSuitesSequentially(TestNG.java:1218)
	at org.testng.TestNG.runSuitesLocally(TestNG.java:1140)
	at org.testng.TestNG.runSuites(TestNG.java:1069)
	at org.testng.TestNG.run(TestNG.java:1037)
	at org.testng.remote.AbstractRemoteTestNG.run(AbstractRemoteTestNG.java:115)
	at org.testng.remote.RemoteTestNG.initAndRun(RemoteTestNG.java:251)
	at org.testng.remote.RemoteTestNG.main(RemoteTestNG.java:77)
</pre></div></td>
<td>80</td>
<td>com.drucare.qa.testcases.StatutoryCalendarAgreementsTest@e720b71</td></tr>
<tr>
<td title='com.drucare.qa.testcases.StatutoryCalendarAgreementsTest.createNewAgreementTest()'><b>createNewAgreementTest</b><br>Test class: com.drucare.qa.testcases.StatutoryCalendarAgreementsTest<br>Test method: Creating New Agreement<br>Parameters: Agency Seven, DN9737, JUN, DEC, 20, Automatic Agreement, /home/asif-01144/NewWorkSpace/AdminModule/FileUploads/Agreement1, Asif, asif@yahoo.in, 9642902996, https://mail.dru.care, 4th Cross, 26th Lane, Banglore, Bangaluru, Karnataka, 522016, India</td>
<td><div><pre>org.openqa.selenium.ElementClickInterceptedException: element click intercepted: Element &lt;div class=&quot;mat-tab-label-content&quot;&gt;...&lt;/div&gt; is not clickable at point (224, 148). Other element would receive the click: &lt;p _ngcontent-ylo-c14=&quot;&quot; class=&quot;m-t-8&quot;&gt;...&lt;/p&gt;
  (Session info: chrome=91.0.4472.77)
Build info: version: &apos;3.141.59&apos;, revision: &apos;e82be7d358&apos;, time: &apos;2018-11-14T08:17:03&apos;
System info: host: &apos;DRUCARE-LAP-32&apos;, ip: &apos;127.0.1.1&apos;, os.name: &apos;Linux&apos;, os.arch: &apos;amd64&apos;, os.version: &apos;5.4.0-72-generic&apos;, java.version: &apos;1.8.0_292&apos;
Driver info: org.openqa.selenium.chrome.ChromeDriver
Capabilities {acceptInsecureCerts: false, browserName: chrome, browserVersion: 91.0.4472.77, chrome: {chromedriverVersion: 91.0.4472.101 (af52a90bf870..., userDataDir: /tmp/.com.google.Chrome.yRP0JW}, goog:chromeOptions: {debuggerAddress: localhost:45403}, javascriptEnabled: true, networkConnectionEnabled: false, pageLoadStrategy: normal, platform: LINUX, platformName: LINUX, proxy: Proxy(), setWindowRect: true, strictFileInteractability: false, timeouts: {implicit: 0, pageLoad: 300000, script: 30000}, unhandledPromptBehavior: dismiss and notify, webauthn:extension:largeBlob: true, webauthn:virtualAuthenticators: true}
Session ID: bac1943718f433b8722649492b760e48
	at org.openqa.selenium.remote.http.W3CHttpResponseCodec.createException(W3CHttpResponseCodec.java:187)
	at org.openqa.selenium.remote.http.W3CHttpResponseCodec.decode(W3CHttpResponseCodec.java:122)
	at org.openqa.selenium.remote.http.W3CHttpResponseCodec.decode(W3CHttpResponseCodec.java:49)
	at org.openqa.selenium.remote.HttpCommandExecutor.execute(HttpCommandExecutor.java:158)
	at org.openqa.selenium.remote.service.DriverCommandExecutor.execute(DriverCommandExecutor.java:83)
	at org.openqa.selenium.remote.RemoteWebDriver.execute(RemoteWebDriver.java:552)
	at org.openqa.selenium.remote.RemoteWebElement.execute(RemoteWebElement.java:285)
	at org.openqa.selenium.remote.RemoteWebElement.click(RemoteWebElement.java:84)
	at org.openqa.selenium.support.events.EventFiringWebDriver$EventFiringWebElement.lambda$new$0(EventFiringWebDriver.java:404)
	at com.sun.proxy.$Proxy19.click(Unknown Source)
	at org.openqa.selenium.support.events.EventFiringWebDriver$EventFiringWebElement.click(EventFiringWebDriver.java:417)
	at org.openqa.selenium.support.pagefactory.internal.LocatingElementHandler.invoke(LocatingElementHandler.java:51)
	at com.sun.proxy.$Proxy17.click(Unknown Source)
	at com.drucare.qa.helpers.PageHelpers.ClickWebElement(PageHelpers.java:72)
	at com.drucare.qa.pages.StatutoryCalendarAgreementsPage.clickAddAgreementBtn(StatutoryCalendarAgreementsPage.java:255)
	at com.drucare.qa.testcases.StatutoryCalendarAgreementsTest.createNewAgreementTest(StatutoryCalendarAgreementsTest.java:63)
	at java.util.ArrayList.forEach(ArrayList.java:1259)
... Removed 37 stack frames</pre></div><a href='#' onClick='toggleBox("stack-trace1539734700", this, "Click to show all stack frames", "Click to hide stack frames")'>Click to show all stack frames</a>
<div class='stack-trace' id='stack-trace1539734700'><pre>org.openqa.selenium.ElementClickInterceptedException: element click intercepted: Element &lt;div class=&quot;mat-tab-label-content&quot;&gt;...&lt;/div&gt; is not clickable at point (224, 148). Other element would receive the click: &lt;p _ngcontent-ylo-c14=&quot;&quot; class=&quot;m-t-8&quot;&gt;...&lt;/p&gt;
  (Session info: chrome=91.0.4472.77)
Build info: version: &apos;3.141.59&apos;, revision: &apos;e82be7d358&apos;, time: &apos;2018-11-14T08:17:03&apos;
System info: host: &apos;DRUCARE-LAP-32&apos;, ip: &apos;127.0.1.1&apos;, os.name: &apos;Linux&apos;, os.arch: &apos;amd64&apos;, os.version: &apos;5.4.0-72-generic&apos;, java.version: &apos;1.8.0_292&apos;
Driver info: org.openqa.selenium.chrome.ChromeDriver
Capabilities {acceptInsecureCerts: false, browserName: chrome, browserVersion: 91.0.4472.77, chrome: {chromedriverVersion: 91.0.4472.101 (af52a90bf870..., userDataDir: /tmp/.com.google.Chrome.yRP0JW}, goog:chromeOptions: {debuggerAddress: localhost:45403}, javascriptEnabled: true, networkConnectionEnabled: false, pageLoadStrategy: normal, platform: LINUX, platformName: LINUX, proxy: Proxy(), setWindowRect: true, strictFileInteractability: false, timeouts: {implicit: 0, pageLoad: 300000, script: 30000}, unhandledPromptBehavior: dismiss and notify, webauthn:extension:largeBlob: true, webauthn:virtualAuthenticators: true}
Session ID: bac1943718f433b8722649492b760e48
	at sun.reflect.NativeConstructorAccessorImpl.newInstance0(Native Method)
	at sun.reflect.NativeConstructorAccessorImpl.newInstance(NativeConstructorAccessorImpl.java:62)
	at sun.reflect.DelegatingConstructorAccessorImpl.newInstance(DelegatingConstructorAccessorImpl.java:45)
	at java.lang.reflect.Constructor.newInstance(Constructor.java:423)
	at org.openqa.selenium.remote.http.W3CHttpResponseCodec.createException(W3CHttpResponseCodec.java:187)
	at org.openqa.selenium.remote.http.W3CHttpResponseCodec.decode(W3CHttpResponseCodec.java:122)
	at org.openqa.selenium.remote.http.W3CHttpResponseCodec.decode(W3CHttpResponseCodec.java:49)
	at org.openqa.selenium.remote.HttpCommandExecutor.execute(HttpCommandExecutor.java:158)
	at org.openqa.selenium.remote.service.DriverCommandExecutor.execute(DriverCommandExecutor.java:83)
	at org.openqa.selenium.remote.RemoteWebDriver.execute(RemoteWebDriver.java:552)
	at org.openqa.selenium.remote.RemoteWebElement.execute(RemoteWebElement.java:285)
	at org.openqa.selenium.remote.RemoteWebElement.click(RemoteWebElement.java:84)
	at sun.reflect.GeneratedMethodAccessor7.invoke(Unknown Source)
	at sun.reflect.DelegatingMethodAccessorImpl.invoke(DelegatingMethodAccessorImpl.java:43)
	at java.lang.reflect.Method.invoke(Method.java:498)
	at org.openqa.selenium.support.events.EventFiringWebDriver$EventFiringWebElement.lambda$new$0(EventFiringWebDriver.java:404)
	at com.sun.proxy.$Proxy19.click(Unknown Source)
	at org.openqa.selenium.support.events.EventFiringWebDriver$EventFiringWebElement.click(EventFiringWebDriver.java:417)
	at sun.reflect.GeneratedMethodAccessor7.invoke(Unknown Source)
	at sun.reflect.DelegatingMethodAccessorImpl.invoke(DelegatingMethodAccessorImpl.java:43)
	at java.lang.reflect.Method.invoke(Method.java:498)
	at org.openqa.selenium.support.pagefactory.internal.LocatingElementHandler.invoke(LocatingElementHandler.java:51)
	at com.sun.proxy.$Proxy17.click(Unknown Source)
	at com.drucare.qa.helpers.PageHelpers.ClickWebElement(PageHelpers.java:72)
	at com.drucare.qa.pages.StatutoryCalendarAgreementsPage.clickAddAgreementBtn(StatutoryCalendarAgreementsPage.java:255)
	at com.drucare.qa.testcases.StatutoryCalendarAgreementsTest.createNewAgreementTest(StatutoryCalendarAgreementsTest.java:63)
	at sun.reflect.NativeMethodAccessorImpl.invoke0(Native Method)
	at sun.reflect.NativeMethodAccessorImpl.invoke(NativeMethodAccessorImpl.java:62)
	at sun.reflect.DelegatingMethodAccessorImpl.invoke(DelegatingMethodAccessorImpl.java:43)
	at java.lang.reflect.Method.invoke(Method.java:498)
	at org.testng.internal.MethodInvocationHelper.invokeMethod(MethodInvocationHelper.java:132)
	at org.testng.internal.TestInvoker.invokeMethod(TestInvoker.java:599)
	at org.testng.internal.TestInvoker.retryFailed(TestInvoker.java:214)
	at org.testng.internal.MethodRunner.runInSequence(MethodRunner.java:58)
	at org.testng.internal.TestInvoker$MethodInvocationAgent.invoke(TestInvoker.java:822)
	at org.testng.internal.TestInvoker.invokeTestMethods(TestInvoker.java:147)
	at org.testng.internal.TestMethodWorker.invokeTestMethods(TestMethodWorker.java:146)
	at org.testng.internal.TestMethodWorker.run(TestMethodWorker.java:128)
	at java.util.ArrayList.forEach(ArrayList.java:1259)
	at org.testng.TestRunner.privateRun(TestRunner.java:764)
	at org.testng.TestRunner.run(TestRunner.java:585)
	at org.testng.SuiteRunner.runTest(SuiteRunner.java:384)
	at org.testng.SuiteRunner.runSequentially(SuiteRunner.java:378)
	at org.testng.SuiteRunner.privateRun(SuiteRunner.java:337)
	at org.testng.SuiteRunner.run(SuiteRunner.java:286)
	at org.testng.SuiteRunnerWorker.runSuite(SuiteRunnerWorker.java:53)
	at org.testng.SuiteRunnerWorker.run(SuiteRunnerWorker.java:96)
	at org.testng.TestNG.runSuitesSequentially(TestNG.java:1218)
	at org.testng.TestNG.runSuitesLocally(TestNG.java:1140)
	at org.testng.TestNG.runSuites(TestNG.java:1069)
	at org.testng.TestNG.run(TestNG.java:1037)
	at org.testng.remote.AbstractRemoteTestNG.run(AbstractRemoteTestNG.java:115)
	at org.testng.remote.RemoteTestNG.initAndRun(RemoteTestNG.java:251)
	at org.testng.remote.RemoteTestNG.main(RemoteTestNG.java:77)
</pre></div></td>
<td>78</td>
<td>com.drucare.qa.testcases.StatutoryCalendarAgreementsTest@e720b71</td></tr>
<tr>
<td title='com.drucare.qa.testcases.StatutoryCalendarAgreementsTest.editAgreementTest()'><b>editAgreementTest</b><br>Test class: com.drucare.qa.testcases.StatutoryCalendarAgreementsTest<br>Test method: Edit Agreement<br>Parameters: Agency Seven, DN8738, JAN, NOV, 20, Automatic Agreement, /home/asif-01144/NewWorkSpace/AdminModule/FileUploads/Agreement2, AsifShaik, asifshaik@yahoo.in, 9642902996, https://mail.dru.care, 4th Cross, 26th Lane, Banglore, Bangaluru, Karnataka, 522016, India</td>
<td><div><pre>org.openqa.selenium.StaleElementReferenceException: stale element reference: element is not attached to the page document
  (Session info: chrome=91.0.4472.77)
For documentation on this error, please visit: https://www.seleniumhq.org/exceptions/stale_element_reference.html
Build info: version: &apos;3.141.59&apos;, revision: &apos;e82be7d358&apos;, time: &apos;2018-11-14T08:17:03&apos;
System info: host: &apos;DRUCARE-LAP-32&apos;, ip: &apos;127.0.1.1&apos;, os.name: &apos;Linux&apos;, os.arch: &apos;amd64&apos;, os.version: &apos;5.4.0-72-generic&apos;, java.version: &apos;1.8.0_292&apos;
Driver info: org.openqa.selenium.chrome.ChromeDriver
Capabilities {acceptInsecureCerts: false, browserName: chrome, browserVersion: 91.0.4472.77, chrome: {chromedriverVersion: 91.0.4472.101 (af52a90bf870..., userDataDir: /tmp/.com.google.Chrome.Vf9qMq}, goog:chromeOptions: {debuggerAddress: localhost:34261}, javascriptEnabled: true, networkConnectionEnabled: false, pageLoadStrategy: normal, platform: LINUX, platformName: LINUX, proxy: Proxy(), setWindowRect: true, strictFileInteractability: false, timeouts: {implicit: 0, pageLoad: 300000, script: 30000}, unhandledPromptBehavior: dismiss and notify, webauthn:extension:largeBlob: true, webauthn:virtualAuthenticators: true}
Session ID: e7e54ad5c7630bd412f878917d573572
	at org.openqa.selenium.remote.http.W3CHttpResponseCodec.createException(W3CHttpResponseCodec.java:187)
	at org.openqa.selenium.remote.http.W3CHttpResponseCodec.decode(W3CHttpResponseCodec.java:122)
	at org.openqa.selenium.remote.http.W3CHttpResponseCodec.decode(W3CHttpResponseCodec.java:49)
	at org.openqa.selenium.remote.HttpCommandExecutor.execute(HttpCommandExecutor.java:158)
	at org.openqa.selenium.remote.service.DriverCommandExecutor.execute(DriverCommandExecutor.java:83)
	at org.openqa.selenium.remote.RemoteWebDriver.execute(RemoteWebDriver.java:552)
	at org.openqa.selenium.remote.RemoteWebElement.execute(RemoteWebElement.java:285)
	at org.openqa.selenium.remote.RemoteWebElement.click(RemoteWebElement.java:84)
	at org.openqa.selenium.support.events.EventFiringWebDriver$EventFiringWebElement.lambda$new$0(EventFiringWebDriver.java:404)
	at com.sun.proxy.$Proxy19.click(Unknown Source)
	at org.openqa.selenium.support.events.EventFiringWebDriver$EventFiringWebElement.click(EventFiringWebDriver.java:417)
	at org.openqa.selenium.support.pagefactory.internal.LocatingElementHandler.invoke(LocatingElementHandler.java:51)
	at com.sun.proxy.$Proxy17.click(Unknown Source)
	at com.drucare.qa.helpers.PageHelpers.ClickWebElement(PageHelpers.java:72)
	at com.drucare.qa.pages.MyProfilePage.StatutoryCalendar(MyProfilePage.java:240)
	at com.drucare.qa.testcases.StatutoryCalendarAgreementsTest.editAgreementTest(StatutoryCalendarAgreementsTest.java:83)
	at java.util.ArrayList.forEach(ArrayList.java:1259)
... Removed 37 stack frames</pre></div><a href='#' onClick='toggleBox("stack-trace587252607", this, "Click to show all stack frames", "Click to hide stack frames")'>Click to show all stack frames</a>
<div class='stack-trace' id='stack-trace587252607'><pre>org.openqa.selenium.StaleElementReferenceException: stale element reference: element is not attached to the page document
  (Session info: chrome=91.0.4472.77)
For documentation on this error, please visit: https://www.seleniumhq.org/exceptions/stale_element_reference.html
Build info: version: &apos;3.141.59&apos;, revision: &apos;e82be7d358&apos;, time: &apos;2018-11-14T08:17:03&apos;
System info: host: &apos;DRUCARE-LAP-32&apos;, ip: &apos;127.0.1.1&apos;, os.name: &apos;Linux&apos;, os.arch: &apos;amd64&apos;, os.version: &apos;5.4.0-72-generic&apos;, java.version: &apos;1.8.0_292&apos;
Driver info: org.openqa.selenium.chrome.ChromeDriver
Capabilities {acceptInsecureCerts: false, browserName: chrome, browserVersion: 91.0.4472.77, chrome: {chromedriverVersion: 91.0.4472.101 (af52a90bf870..., userDataDir: /tmp/.com.google.Chrome.Vf9qMq}, goog:chromeOptions: {debuggerAddress: localhost:34261}, javascriptEnabled: true, networkConnectionEnabled: false, pageLoadStrategy: normal, platform: LINUX, platformName: LINUX, proxy: Proxy(), setWindowRect: true, strictFileInteractability: false, timeouts: {implicit: 0, pageLoad: 300000, script: 30000}, unhandledPromptBehavior: dismiss and notify, webauthn:extension:largeBlob: true, webauthn:virtualAuthenticators: true}
Session ID: e7e54ad5c7630bd412f878917d573572
	at sun.reflect.NativeConstructorAccessorImpl.newInstance0(Native Method)
	at sun.reflect.NativeConstructorAccessorImpl.newInstance(NativeConstructorAccessorImpl.java:62)
	at sun.reflect.DelegatingConstructorAccessorImpl.newInstance(DelegatingConstructorAccessorImpl.java:45)
	at java.lang.reflect.Constructor.newInstance(Constructor.java:423)
	at org.openqa.selenium.remote.http.W3CHttpResponseCodec.createException(W3CHttpResponseCodec.java:187)
	at org.openqa.selenium.remote.http.W3CHttpResponseCodec.decode(W3CHttpResponseCodec.java:122)
	at org.openqa.selenium.remote.http.W3CHttpResponseCodec.decode(W3CHttpResponseCodec.java:49)
	at org.openqa.selenium.remote.HttpCommandExecutor.execute(HttpCommandExecutor.java:158)
	at org.openqa.selenium.remote.service.DriverCommandExecutor.execute(DriverCommandExecutor.java:83)
	at org.openqa.selenium.remote.RemoteWebDriver.execute(RemoteWebDriver.java:552)
	at org.openqa.selenium.remote.RemoteWebElement.execute(RemoteWebElement.java:285)
	at org.openqa.selenium.remote.RemoteWebElement.click(RemoteWebElement.java:84)
	at sun.reflect.GeneratedMethodAccessor7.invoke(Unknown Source)
	at sun.reflect.DelegatingMethodAccessorImpl.invoke(DelegatingMethodAccessorImpl.java:43)
	at java.lang.reflect.Method.invoke(Method.java:498)
	at org.openqa.selenium.support.events.EventFiringWebDriver$EventFiringWebElement.lambda$new$0(EventFiringWebDriver.java:404)
	at com.sun.proxy.$Proxy19.click(Unknown Source)
	at org.openqa.selenium.support.events.EventFiringWebDriver$EventFiringWebElement.click(EventFiringWebDriver.java:417)
	at sun.reflect.GeneratedMethodAccessor7.invoke(Unknown Source)
	at sun.reflect.DelegatingMethodAccessorImpl.invoke(DelegatingMethodAccessorImpl.java:43)
	at java.lang.reflect.Method.invoke(Method.java:498)
	at org.openqa.selenium.support.pagefactory.internal.LocatingElementHandler.invoke(LocatingElementHandler.java:51)
	at com.sun.proxy.$Proxy17.click(Unknown Source)
	at com.drucare.qa.helpers.PageHelpers.ClickWebElement(PageHelpers.java:72)
	at com.drucare.qa.pages.MyProfilePage.StatutoryCalendar(MyProfilePage.java:240)
	at com.drucare.qa.testcases.StatutoryCalendarAgreementsTest.editAgreementTest(StatutoryCalendarAgreementsTest.java:83)
	at sun.reflect.NativeMethodAccessorImpl.invoke0(Native Method)
	at sun.reflect.NativeMethodAccessorImpl.invoke(NativeMethodAccessorImpl.java:62)
	at sun.reflect.DelegatingMethodAccessorImpl.invoke(DelegatingMethodAccessorImpl.java:43)
	at java.lang.reflect.Method.invoke(Method.java:498)
	at org.testng.internal.MethodInvocationHelper.invokeMethod(MethodInvocationHelper.java:132)
	at org.testng.internal.TestInvoker.invokeMethod(TestInvoker.java:599)
	at org.testng.internal.TestInvoker.invokeTestMethod(TestInvoker.java:174)
	at org.testng.internal.MethodRunner.runInSequence(MethodRunner.java:46)
	at org.testng.internal.TestInvoker$MethodInvocationAgent.invoke(TestInvoker.java:822)
	at org.testng.internal.TestInvoker.invokeTestMethods(TestInvoker.java:147)
	at org.testng.internal.TestMethodWorker.invokeTestMethods(TestMethodWorker.java:146)
	at org.testng.internal.TestMethodWorker.run(TestMethodWorker.java:128)
	at java.util.ArrayList.forEach(ArrayList.java:1259)
	at org.testng.TestRunner.privateRun(TestRunner.java:764)
	at org.testng.TestRunner.run(TestRunner.java:585)
	at org.testng.SuiteRunner.runTest(SuiteRunner.java:384)
	at org.testng.SuiteRunner.runSequentially(SuiteRunner.java:378)
	at org.testng.SuiteRunner.privateRun(SuiteRunner.java:337)
	at org.testng.SuiteRunner.run(SuiteRunner.java:286)
	at org.testng.SuiteRunnerWorker.runSuite(SuiteRunnerWorker.java:53)
	at org.testng.SuiteRunnerWorker.run(SuiteRunnerWorker.java:96)
	at org.testng.TestNG.runSuitesSequentially(TestNG.java:1218)
	at org.testng.TestNG.runSuitesLocally(TestNG.java:1140)
	at org.testng.TestNG.runSuites(TestNG.java:1069)
	at org.testng.TestNG.run(TestNG.java:1037)
	at org.testng.remote.AbstractRemoteTestNG.run(AbstractRemoteTestNG.java:115)
	at org.testng.remote.RemoteTestNG.initAndRun(RemoteTestNG.java:251)
	at org.testng.remote.RemoteTestNG.main(RemoteTestNG.java:77)
</pre></div></td>
<td>59</td>
<td>com.drucare.qa.testcases.StatutoryCalendarAgreementsTest@e720b71</td></tr>
</table><p>
</body>
</html>