<?xml version="1.0" encoding="UTF-8"?>
<!-- Generated by org.testng.reporters.JUnitXMLReporter -->
<testsuite hostname="DRUCARE-LAP-32" ignored="21" name="DruCare Appication Test" tests="20" failures="1" timestamp="2021-10-03T17:47:31 IST" time="1601.268" errors="0">
  <testcase name="createZonalOffice" time="45.678" classname="com.drucare.qa.testcases.BranchManagementTest"/>
  <testcase name="updateBranch" time="49.585" classname="com.drucare.qa.testcases.BranchManagementTest"/>
  <testcase name="DeactivateBranch" time="36.534" classname="com.drucare.qa.testcases.BranchManagementTest"/>
  <testcase name="ActivateBranch" time="37.146" classname="com.drucare.qa.testcases.BranchManagementTest"/>
  <testcase name="updateHeadOffice" time="35.769" classname="com.drucare.qa.testcases.BranchManagementTest"/>
  <testcase name="createNewUserTest" time="105.379" classname="com.drucare.qa.testcases.UserManagementPageTest"/>
  <testcase name="validateAddNewUserDetails" time="36.844" classname="com.drucare.qa.testcases.UserManagementPageTest"/>
  <testcase name="validateAddNewUserDetails" time="30.83" classname="com.drucare.qa.testcases.UserManagementPageTest"/>
  <testcase name="updateUserTest" time="55.465" classname="com.drucare.qa.testcases.UserManagementPageTest"/>
  <testcase name="createRoleTest" time="77.506" classname="com.drucare.qa.testcases.RoleManagementPageTest"/>
  <testcase name="editRole" time="62.914" classname="com.drucare.qa.testcases.RoleManagementPageTest"/>
  <testcase name="UserLogs" time="32.7" classname="com.drucare.qa.testcases.UserLogsPageTest"/>
  <testcase name="createNewLicenceTest" time="82.516" classname="com.drucare.qa.testcases.StatutoryCalendarLicenceTest"/>
  <testcase name="licenceUpdateTest" time="82.389" classname="com.drucare.qa.testcases.StatutoryCalendarLicenceTest"/>
  <testcase name="createNewAgreementTest" time="78.755" classname="com.drucare.qa.testcases.StatutoryCalendarAgreementsTest">
    <skipped/>
  </testcase> <!-- createNewAgreementTest -->
  <testcase name="createNewAgreementTest" time="80.406" classname="com.drucare.qa.testcases.StatutoryCalendarAgreementsTest">
    <skipped/>
  </testcase> <!-- createNewAgreementTest -->
  <testcase name="createNewAgreementTest" time="78.536" classname="com.drucare.qa.testcases.StatutoryCalendarAgreementsTest">
    <skipped/>
  </testcase> <!-- createNewAgreementTest -->
  <testcase name="createNewAgreementTest" time="80.058" classname="com.drucare.qa.testcases.StatutoryCalendarAgreementsTest">
    <failure type="org.openqa.selenium.ElementClickInterceptedException" message="element click intercepted: Element &amp;lt;div class=&amp;quot;mat-tab-label-content&amp;quot;&amp;gt;...&amp;lt;/div&amp;gt; is not clickable at point (224, 148). Other element would receive the click: &amp;lt;p _ngcontent-emd-c14=&amp;quot;&amp;quot; class=&amp;quot;m-t-8&amp;quot;&amp;gt;...&amp;lt;/p&amp;gt;
  (Session info: chrome=91.0.4472.77)
Build info: version: &amp;apos;3.141.59&amp;apos;, revision: &amp;apos;e82be7d358&amp;apos;, time: &amp;apos;2018-11-14T08:17:03&amp;apos;
System info: host: &amp;apos;DRUCARE-LAP-32&amp;apos;, ip: &amp;apos;127.0.1.1&amp;apos;, os.name: &amp;apos;Linux&amp;apos;, os.arch: &amp;apos;amd64&amp;apos;, os.version: &amp;apos;5.4.0-72-generic&amp;apos;, java.version: &amp;apos;1.8.0_292&amp;apos;
Driver info: org.openqa.selenium.chrome.ChromeDriver
Capabilities {acceptInsecureCerts: false, browserName: chrome, browserVersion: 91.0.4472.77, chrome: {chromedriverVersion: 91.0.4472.101 (af52a90bf870..., userDataDir: /tmp/.com.google.Chrome.CzrWL4}, goog:chromeOptions: {debuggerAddress: localhost:44789}, javascriptEnabled: true, networkConnectionEnabled: false, pageLoadStrategy: normal, platform: LINUX, platformName: LINUX, proxy: Proxy(), setWindowRect: true, strictFileInteractability: false, timeouts: {implicit: 0, pageLoad: 300000, script: 30000}, unhandledPromptBehavior: dismiss and notify, webauthn:extension:largeBlob: true, webauthn:virtualAuthenticators: true}
Session ID: adc174ac5574c82d2842b9cffc36c37e">
      <![CDATA[org.openqa.selenium.ElementClickInterceptedException: element click intercepted: Element <div class="mat-tab-label-content">...</div> is not clickable at point (224, 148). Other element would receive the click: <p _ngcontent-emd-c14="" class="m-t-8">...</p>
  (Session info: chrome=91.0.4472.77)
Build info: version: '3.141.59', revision: 'e82be7d358', time: '2018-11-14T08:17:03'
System info: host: 'DRUCARE-LAP-32', ip: '127.0.1.1', os.name: 'Linux', os.arch: 'amd64', os.version: '5.4.0-72-generic', java.version: '1.8.0_292'
Driver info: org.openqa.selenium.chrome.ChromeDriver
Capabilities {acceptInsecureCerts: false, browserName: chrome, browserVersion: 91.0.4472.77, chrome: {chromedriverVersion: 91.0.4472.101 (af52a90bf870..., userDataDir: /tmp/.com.google.Chrome.CzrWL4}, goog:chromeOptions: {debuggerAddress: localhost:44789}, javascriptEnabled: true, networkConnectionEnabled: false, pageLoadStrategy: normal, platform: LINUX, platformName: LINUX, proxy: Proxy(), setWindowRect: true, strictFileInteractability: false, timeouts: {implicit: 0, pageLoad: 300000, script: 30000}, unhandledPromptBehavior: dismiss and notify, webauthn:extension:largeBlob: true, webauthn:virtualAuthenticators: true}
Session ID: adc174ac5574c82d2842b9cffc36c37e
at org.openqa.selenium.remote.http.W3CHttpResponseCodec.createException(W3CHttpResponseCodec.java:187)
at org.openqa.selenium.remote.http.W3CHttpResponseCodec.decode(W3CHttpResponseCodec.java:122)
at org.openqa.selenium.remote.http.W3CHttpResponseCodec.decode(W3CHttpResponseCodec.java:49)
at org.openqa.selenium.remote.HttpCommandExecutor.execute(HttpCommandExecutor.java:158)
at org.openqa.selenium.remote.service.DriverCommandExecutor.execute(DriverCommandExecutor.java:83)
at org.openqa.selenium.remote.RemoteWebDriver.execute(RemoteWebDriver.java:552)
at org.openqa.selenium.remote.RemoteWebElement.execute(RemoteWebElement.java:285)
at org.openqa.selenium.remote.RemoteWebElement.click(RemoteWebElement.java:84)
at org.openqa.selenium.support.events.EventFiringWebDriver$EventFiringWebElement.lambda$new$0(EventFiringWebDriver.java:404)
at com.sun.proxy.$Proxy19.click(Unknown Source)
at org.openqa.selenium.support.events.EventFiringWebDriver$EventFiringWebElement.click(EventFiringWebDriver.java:417)
at org.openqa.selenium.support.pagefactory.internal.LocatingElementHandler.invoke(LocatingElementHandler.java:51)
at com.sun.proxy.$Proxy17.click(Unknown Source)
at com.drucare.qa.helpers.PageHelpers.ClickWebElement(PageHelpers.java:72)
at com.drucare.qa.pages.StatutoryCalendarAgreementsPage.clickAddAgreementBtn(StatutoryCalendarAgreementsPage.java:255)
at com.drucare.qa.testcases.StatutoryCalendarAgreementsTest.createNewAgreementTest(StatutoryCalendarAgreementsTest.java:63)
at java.util.ArrayList.forEach(ArrayList.java:1259)
... Removed 37 stack frames]]>
    </failure>
  </testcase> <!-- createNewAgreementTest -->
  <testcase name="editAgreementTest" time="59.264" classname="com.drucare.qa.testcases.StatutoryCalendarAgreementsTest">
    <skipped/>
  </testcase> <!-- editAgreementTest -->
  <testcase name="editAgreementTest" time="76.575" classname="com.drucare.qa.testcases.StatutoryCalendarAgreementsTest"/>
  <testcase name="@BeforeSuite ExtentReports" time="0.0" classname="com.drucare.qa.base.TestBase">
    <ignored/>
  </testcase> <!-- @BeforeSuite ExtentReports -->
  <testcase name="@BeforeSuite ExtentReports" time="0.0" classname="com.drucare.qa.base.TestBase">
    <ignored/>
  </testcase> <!-- @BeforeSuite ExtentReports -->
  <testcase name="@BeforeSuite ExtentReports" time="0.0" classname="com.drucare.qa.base.TestBase">
    <ignored/>
  </testcase> <!-- @BeforeSuite ExtentReports -->
  <testcase name="@BeforeSuite ExtentReports" time="0.0" classname="com.drucare.qa.base.TestBase">
    <ignored/>
  </testcase> <!-- @BeforeSuite ExtentReports -->
  <testcase name="@BeforeSuite ExtentReports" time="0.0" classname="com.drucare.qa.base.TestBase">
    <ignored/>
  </testcase> <!-- @BeforeSuite ExtentReports -->
  <testcase name="ValidateOrgDetails" time="0.0" classname="com.drucare.qa.testcases.BranchManagementTest">
    <ignored/>
  </testcase> <!-- ValidateOrgDetails -->
  <testcase name="DeactivateRole" time="0.0" classname="com.drucare.qa.testcases.RoleManagementPageTest">
    <ignored/>
  </testcase> <!-- DeactivateRole -->
  <testcase name="ActivateUser" time="0.0" classname="com.drucare.qa.testcases.UserManagementPageTest">
    <ignored/>
  </testcase> <!-- ActivateUser -->
  <testcase name="deleteAgreementTest" time="0.0" classname="com.drucare.qa.testcases.StatutoryCalendarAgreementsTest">
    <ignored/>
  </testcase> <!-- deleteAgreementTest -->
  <testcase name="downloadAgreementTest" time="0.0" classname="com.drucare.qa.testcases.StatutoryCalendarAgreementsTest">
    <ignored/>
  </testcase> <!-- downloadAgreementTest -->
  <testcase name="@AfterSuite FlushReports" time="0.0" classname="com.drucare.qa.base.TestBase">
    <ignored/>
  </testcase> <!-- @AfterSuite FlushReports -->
  <testcase name="@AfterSuite FlushReports" time="0.0" classname="com.drucare.qa.base.TestBase">
    <ignored/>
  </testcase> <!-- @AfterSuite FlushReports -->
  <testcase name="@AfterSuite FlushReports" time="0.0" classname="com.drucare.qa.base.TestBase">
    <ignored/>
  </testcase> <!-- @AfterSuite FlushReports -->
  <testcase name="@AfterSuite FlushReports" time="0.0" classname="com.drucare.qa.base.TestBase">
    <ignored/>
  </testcase> <!-- @AfterSuite FlushReports -->
  <testcase name="@AfterSuite FlushReports" time="0.0" classname="com.drucare.qa.base.TestBase">
    <ignored/>
  </testcase> <!-- @AfterSuite FlushReports -->
  <testcase name="checkOrgNamePlaceholder" time="0.0" classname="com.drucare.qa.testcases.BranchManagementTest">
    <ignored/>
  </testcase> <!-- checkOrgNamePlaceholder -->
  <testcase name="DeleteBranch" time="0.0" classname="com.drucare.qa.testcases.BranchManagementTest">
    <ignored/>
  </testcase> <!-- DeleteBranch -->
  <testcase name="downloadLicenseTest" time="0.0" classname="com.drucare.qa.testcases.StatutoryCalendarLicenceTest">
    <ignored/>
  </testcase> <!-- downloadLicenseTest -->
  <testcase name="DeactivateUser" time="0.0" classname="com.drucare.qa.testcases.UserManagementPageTest">
    <ignored/>
  </testcase> <!-- DeactivateUser -->
  <testcase name="ActivateRole" time="0.0" classname="com.drucare.qa.testcases.RoleManagementPageTest">
    <ignored/>
  </testcase> <!-- ActivateRole -->
  <testcase name="deleteLicenseTest" time="0.0" classname="com.drucare.qa.testcases.StatutoryCalendarLicenceTest">
    <ignored/>
  </testcase> <!-- deleteLicenseTest -->
</testsuite> <!-- DruCare Appication Test -->
